2020-02-12 00:04:37.303 INFO [main] - Main() started
2020-02-12 00:04:37.572 INFO [main] - initializeStoreItems() started
2020-02-12 00:04:37.572 INFO [main] - initializeStoreItems() started
2020-02-12 00:04:37.572 INFO [main] - initializeStoreItems() started
2020-02-12 00:04:37.572 INFO [main] - isCartHasValue() started
2020-02-12 00:04:40.962 INFO [main] - initializeStoreCategories() started
2020-02-12 00:04:40.962 INFO [main] - getCategories() started
2020-02-12 00:04:44.741 INFO [main] - initializeStoreSubCategories() started
2020-02-12 00:04:44.756 INFO [main] - getSubCategoryByCategoryId() started
2020-02-12 00:04:48.108 INFO [main] - initializeStoreItems() started
2020-02-12 00:04:48.108 INFO [main] - getProductsBySubCategoryId() started
2020-02-12 00:04:48.108 INFO [main] - isCartHasValue() started
2020-02-12 00:06:27.980 INFO [main] - Main() started
2020-02-12 00:06:27.980 INFO [main] - initializeStoreItems() started
2020-02-12 00:06:27.980 INFO [main] - initializeStoreItems() started
2020-02-12 00:06:27.980 INFO [main] - initializeStoreItems() started
2020-02-12 00:06:27.980 INFO [main] - isCartHasValue() started
2020-02-12 00:06:32.565 INFO [main] - initializeStoreItems() started
2020-02-12 00:06:32.565 INFO [main] - getProducts() started
2020-02-12 00:11:49.918 INFO [main] - Main() started
2020-02-12 00:11:49.918 INFO [main] - initializeStoreItems() started
2020-02-12 00:11:49.918 INFO [main] - initializeStoreItems() started
2020-02-12 00:11:49.918 INFO [main] - initializeStoreItems() started
2020-02-12 00:11:49.918 INFO [main] - isCartHasValue() started
2020-02-12 00:11:51.891 INFO [main] - initializeStoreCategories() started
2020-02-12 00:11:51.892 INFO [main] - getCategories() started
2020-02-12 00:11:54.812 INFO [main] - initializeStoreSubCategories() started
2020-02-12 00:11:54.812 INFO [main] - getSubCategoryByCategoryId() started
2020-02-12 00:11:57.333 INFO [main] - initializeStoreItems() started
2020-02-12 00:11:57.333 INFO [main] - getProductsBySubCategoryId() started
2020-02-12 00:11:57.333 INFO [main] - isCartHasValue() started
2020-02-12 00:12:46.014 INFO [main] - Main() started
2020-02-12 00:12:46.030 INFO [main] - initializeStoreItems() started
2020-02-12 00:12:46.030 INFO [main] - initializeStoreItems() started
2020-02-12 00:12:46.030 INFO [main] - initializeStoreItems() started
2020-02-12 00:12:46.030 INFO [main] - isCartHasValue() started
2020-02-12 00:12:47.069 INFO [main] - initializeStoreCategories() started
2020-02-12 00:12:47.069 INFO [main] - getCategories() started
2020-02-12 00:12:48.333 INFO [main] - initializeStoreSubCategories() started
2020-02-12 00:12:48.334 INFO [main] - getSubCategoryByCategoryId() started
2020-02-12 00:12:49.417 INFO [main] - initializeStoreItems() started
2020-02-12 00:12:49.417 INFO [main] - getProductsBySubCategoryId() started
2020-02-12 00:13:06.044 INFO [main] - isCartHasValue() started
2020-02-12 00:16:33.398 INFO [main] - Main() started
2020-02-12 00:16:33.398 INFO [main] - initializeStoreItems() started
2020-02-12 00:16:33.398 INFO [main] - initializeStoreItems() started
2020-02-12 00:16:33.398 INFO [main] - initializeStoreItems() started
2020-02-12 00:16:33.398 INFO [main] - isCartHasValue() started
2020-02-12 00:16:35.090 INFO [main] - initializeStoreCategories() started
2020-02-12 00:16:35.090 INFO [main] - getCategories() started
2020-02-12 00:16:36.554 INFO [main] - initializeStoreSubCategories() started
2020-02-12 00:16:36.554 INFO [main] - getSubCategoryByCategoryId() started
2020-02-12 00:16:40.075 INFO [main] - initializeStoreItems() started
2020-02-12 00:16:40.075 INFO [main] - getProductsBySubCategoryId() started
2020-02-12 00:16:48.483 INFO [main] - addProductToCartByProductId() started
2020-02-12 00:16:48.483 INFO [main] - getProductByProductId() started
2020-02-12 00:16:48.514 INFO [main] - addProductToCart() started
2020-02-12 00:16:48.514 INFO [main] - printCartItems() started
2020-02-12 00:16:48.530 INFO [main] - isCartHasValue() started
2020-02-12 00:18:39.420 INFO [main] - initializeStoreSubCategories() started
2020-02-12 00:18:39.420 INFO [main] - getSubCategories() started
2020-02-12 00:18:42.010 INFO [main] - initializeStoreItems() started
2020-02-12 00:18:42.010 INFO [main] - getProductsBySubCategoryId() started
2020-02-12 00:18:53.192 INFO [main] - printCartItems() started
2020-02-12 00:18:53.199 INFO [main] - isCartHasValue() started
2020-02-12 00:19:01.202 INFO [main] - removeProductByProductId() started
2020-02-12 00:19:01.214 INFO [main] - isCartHasValue() started
2020-02-12 00:19:04.841 INFO [main] - initializeStoreItems() started
2020-02-12 00:19:04.843 INFO [main] - getProducts() started
2020-02-12 00:19:09.190 INFO [main] - checkout() started
2020-02-12 00:19:09.190 INFO [main] - emptyCart() started
2020-02-12 00:19:09.190 INFO [main] - isCartHasValue() started
2020-02-12 00:19:27.662 INFO [main] - initializeStoreItems() started
2020-02-12 00:19:27.669 INFO [main] - getProducts() started
2020-02-12 00:19:37.851 INFO [main] - addProductToCartByProductId() started
2020-02-12 00:19:37.851 INFO [main] - getProductByProductId() started
2020-02-12 00:19:37.851 INFO [main] - addProductToCart() started
2020-02-12 00:19:37.851 INFO [main] - addProductToCartByProductId() started
2020-02-12 00:19:37.851 INFO [main] - getProductByProductId() started
2020-02-12 00:19:37.851 INFO [main] - addProductToCart() started
2020-02-12 00:19:37.851 INFO [main] - addProductToCartByProductId() started
2020-02-12 00:19:37.851 INFO [main] - getProductByProductId() started
2020-02-12 00:19:37.851 INFO [main] - addProductToCart() started
2020-02-12 00:19:37.851 INFO [main] - printCartItems() started
2020-02-12 00:19:37.864 INFO [main] - isCartHasValue() started
2020-02-12 00:19:41.333 INFO [main] - checkout() started
2020-02-12 00:19:41.333 INFO [main] - emptyCart() started
2020-02-12 00:19:41.333 INFO [main] - isCartHasValue() started
2020-02-12 00:21:14.907 INFO [main] - initializeStoreItems() started
2020-02-12 00:21:14.908 INFO [main] - getProducts() started
2020-02-12 00:31:37.496 INFO [main] - Main() started
2020-02-12 00:31:37.496 INFO [main] - initializeStoreItems() started
2020-02-12 00:31:37.496 INFO [main] - initializeStoreItems() started
2020-02-12 00:31:37.496 INFO [main] - initializeStoreItems() started
2020-02-12 00:31:37.496 INFO [main] - isCartHasValue() started
2020-02-12 00:32:03.748 INFO [main] - initializeStoreItems() started
2020-02-12 00:32:03.748 INFO [main] - getProducts() started
2020-02-12 00:32:25.252 INFO [main] - addProductToCartByProductId() started
2020-02-12 00:32:25.252 INFO [main] - getProductByProductId() started
2020-02-12 00:32:25.252 INFO [main] - addProductToCart() started
2020-02-12 00:32:25.252 INFO [main] - addProductToCartByProductId() started
2020-02-12 00:32:25.252 INFO [main] - getProductByProductId() started
2020-02-12 00:32:25.252 INFO [main] - addProductToCart() started
2020-02-12 00:32:25.252 INFO [main] - addProductToCartByProductId() started
2020-02-12 00:32:25.252 INFO [main] - getProductByProductId() started
2020-02-12 00:32:25.252 INFO [main] - addProductToCart() started
2020-02-12 00:32:25.252 INFO [main] - printCartItems() started
2020-02-12 00:32:25.268 INFO [main] - isCartHasValue() started
2020-02-12 00:33:20.940 INFO [main] - printCartItems() started
2020-02-12 00:33:20.943 INFO [main] - isCartHasValue() started
2020-02-12 00:38:43.669 INFO [main] - checkout() started
2020-02-12 00:38:43.673 INFO [main] - emptyCart() started
2020-02-12 00:38:43.673 INFO [main] - isCartHasValue() started
2020-02-12 00:43:07.104 INFO [main] - Main() started
2020-02-12 00:43:07.104 INFO [main] - initializeStoreItems() started
2020-02-12 00:43:07.104 INFO [main] - initializeStoreItems() started
2020-02-12 00:43:07.104 INFO [main] - initializeStoreItems() started
2020-02-12 00:43:07.104 INFO [main] - isCartHasValue() started
2020-02-12 00:43:11.572 INFO [main] - initializeStoreItems() started
2020-02-12 00:43:11.572 INFO [main] - getProducts() started
2020-02-12 00:43:18.862 INFO [main] - addProductToCartByProductId() started
2020-02-12 00:43:18.862 INFO [main] - getProductByProductId() started
2020-02-12 00:43:18.878 INFO [main] - addProductToCart() started
2020-02-12 00:43:18.878 INFO [main] - addProductToCartByProductId() started
2020-02-12 00:43:18.878 INFO [main] - getProductByProductId() started
2020-02-12 00:43:18.878 INFO [main] - addProductToCart() started
2020-02-12 00:43:18.878 INFO [main] - addProductToCartByProductId() started
2020-02-12 00:43:18.878 INFO [main] - getProductByProductId() started
2020-02-12 00:43:18.878 INFO [main] - addProductToCart() started
2020-02-12 00:43:18.878 INFO [main] - printCartItems() started
2020-02-12 00:43:18.885 INFO [main] - isCartHasValue() started
2020-02-12 00:43:24.642 INFO [main] - checkout() started
2020-02-12 00:43:24.642 INFO [main] - isCartHasValue() started
2020-02-12 00:43:24.642 INFO [main] - emptyCart() started
2020-02-12 00:43:24.651 INFO [main] - isCartHasValue() started
2020-02-12 00:44:34.362 INFO [main] - Main() started
2020-02-12 00:44:34.409 INFO [main] - initializeStoreItems() started
2020-02-12 00:44:34.472 INFO [main] - initializeStoreItems() started
2020-02-12 00:44:34.472 INFO [main] - initializeStoreItems() started
2020-02-12 00:44:57.985 INFO [main] - isCartHasValue() started
2020-02-12 00:44:58.960 INFO [main] - initializeStoreItems() started
2020-02-12 00:44:58.960 INFO [main] - getProducts() started
2020-02-12 00:45:16.717 INFO [main] - addProductToCartByProductId() started
2020-02-12 00:45:16.717 INFO [main] - getProductByProductId() started
2020-02-12 00:45:16.733 INFO [main] - addProductToCart() started
2020-02-12 00:45:16.733 INFO [main] - addProductToCartByProductId() started
2020-02-12 00:45:16.733 INFO [main] - getProductByProductId() started
2020-02-12 00:45:16.733 INFO [main] - addProductToCart() started
2020-02-12 00:45:16.733 INFO [main] - addProductToCartByProductId() started
2020-02-12 00:45:16.733 INFO [main] - getProductByProductId() started
2020-02-12 00:45:16.733 INFO [main] - addProductToCart() started
2020-02-12 00:45:16.733 INFO [main] - printCartItems() started
2020-02-12 00:45:20.493 INFO [main] - isCartHasValue() started
2020-02-12 00:45:43.769 INFO [main] - checkout() started
2020-02-12 00:45:59.479 INFO [main] - isCartHasValue() started
2020-02-12 00:49:22.537 INFO [main] - Main() started
2020-02-12 00:49:22.537 INFO [main] - initializeStoreItems() started
2020-02-12 00:49:22.537 INFO [main] - initializeStoreItems() started
2020-02-12 00:49:22.537 INFO [main] - initializeStoreItems() started
2020-02-12 00:49:22.537 INFO [main] - isCartHasValue() started
2020-02-12 00:49:35.309 INFO [main] - initializeStoreItems() started
2020-02-12 00:49:35.309 INFO [main] - getProducts() started
2020-02-12 00:49:41.177 INFO [main] - addProductToCartByProductId() started
2020-02-12 00:49:41.177 INFO [main] - getProductByProductId() started
2020-02-12 00:49:41.193 INFO [main] - addProductToCart() started
2020-02-12 00:49:41.193 INFO [main] - addProductToCartByProductId() started
2020-02-12 00:49:41.193 INFO [main] - getProductByProductId() started
2020-02-12 00:49:41.193 INFO [main] - addProductToCart() started
2020-02-12 00:49:41.193 INFO [main] - addProductToCartByProductId() started
2020-02-12 00:49:41.193 INFO [main] - getProductByProductId() started
2020-02-12 00:49:41.193 INFO [main] - addProductToCart() started
2020-02-12 00:49:41.193 INFO [main] - printCartItems() started
2020-02-12 00:49:41.200 INFO [main] - isCartHasValue() started
2020-02-12 00:49:56.128 INFO [main] - addProductToCartByProductId() started
2020-02-12 00:49:56.128 INFO [main] - getProductByProductId() started
2020-02-12 00:49:56.128 INFO [main] - addProductToCart() started
2020-02-12 00:49:56.128 INFO [main] - addProductToCartByProductId() started
2020-02-12 00:49:56.128 INFO [main] - getProductByProductId() started
2020-02-12 00:49:56.128 INFO [main] - addProductToCart() started
2020-02-12 00:49:56.128 INFO [main] - addProductToCartByProductId() started
2020-02-12 00:49:56.128 INFO [main] - getProductByProductId() started
2020-02-12 00:49:56.128 INFO [main] - addProductToCart() started
2020-02-12 00:49:56.128 INFO [main] - printCartItems() started
2020-02-12 00:49:56.131 INFO [main] - isCartHasValue() started
2020-02-12 00:50:27.291 INFO [main] - Main() started
2020-02-12 00:50:27.291 INFO [main] - initializeStoreItems() started
2020-02-12 00:50:27.291 INFO [main] - initializeStoreItems() started
2020-02-12 00:50:27.291 INFO [main] - initializeStoreItems() started
2020-02-12 00:50:27.291 INFO [main] - isCartHasValue() started
2020-02-12 00:50:32.006 INFO [main] - initializeStoreItems() started
2020-02-12 00:50:32.006 INFO [main] - getProducts() started
2020-02-12 00:50:38.144 INFO [main] - addProductToCartByProductId() started
2020-02-12 00:50:38.144 INFO [main] - getProductByProductId() started
2020-02-12 00:50:38.159 INFO [main] - addProductToCart() started
2020-02-12 00:50:38.159 INFO [main] - addProductToCartByProductId() started
2020-02-12 00:50:38.159 INFO [main] - getProductByProductId() started
2020-02-12 00:50:38.159 INFO [main] - addProductToCart() started
2020-02-12 00:50:38.159 INFO [main] - addProductToCartByProductId() started
2020-02-12 00:50:38.159 INFO [main] - getProductByProductId() started
2020-02-12 00:50:38.159 INFO [main] - addProductToCart() started
2020-02-12 00:50:38.159 INFO [main] - printCartItems() started
2020-02-12 00:50:38.166 INFO [main] - isCartHasValue() started
2020-02-12 00:50:45.556 INFO [main] - checkout() started
2020-02-12 00:50:45.568 INFO [main] - isCartHasValue() started
2020-02-12 00:50:45.568 INFO [main] - getProductByProductId() started
2020-02-12 00:50:45.568 INFO [main] - getProductByProductId() started
2020-02-12 00:50:45.568 INFO [main] - getProductByProductId() started
2020-02-12 00:50:45.568 INFO [main] - emptyCart() started
2020-02-12 00:50:45.569 INFO [main] - isCartHasValue() started
2020-02-12 00:52:10.264 INFO [main] - Main() started
2020-02-12 00:52:10.280 INFO [main] - initializeStoreItems() started
2020-02-12 00:52:10.280 INFO [main] - initializeStoreItems() started
2020-02-12 00:52:10.280 INFO [main] - initializeStoreItems() started
2020-02-12 00:52:10.280 INFO [main] - isCartHasValue() started
2020-02-12 00:52:13.415 INFO [main] - initializeStoreItems() started
2020-02-12 00:52:13.415 INFO [main] - getProducts() started
2020-02-12 00:52:20.395 INFO [main] - addProductToCartByProductId() started
2020-02-12 00:52:20.395 INFO [main] - getProductByProductId() started
2020-02-12 00:52:20.410 INFO [main] - addProductToCart() started
2020-02-12 00:52:20.410 INFO [main] - addProductToCartByProductId() started
2020-02-12 00:52:20.410 INFO [main] - getProductByProductId() started
2020-02-12 00:52:20.410 INFO [main] - addProductToCart() started
2020-02-12 00:52:20.410 INFO [main] - addProductToCartByProductId() started
2020-02-12 00:52:20.410 INFO [main] - getProductByProductId() started
2020-02-12 00:52:20.410 INFO [main] - addProductToCart() started
2020-02-12 00:52:20.410 INFO [main] - printCartItems() started
2020-02-12 00:52:20.418 INFO [main] - isCartHasValue() started
2020-02-12 00:52:32.876 INFO [main] - addProductToCartByProductId() started
2020-02-12 00:52:32.876 INFO [main] - getProductByProductId() started
2020-02-12 00:52:32.876 INFO [main] - addProductToCart() started
2020-02-12 00:52:32.876 INFO [main] - addProductToCartByProductId() started
2020-02-12 00:52:32.876 INFO [main] - getProductByProductId() started
2020-02-12 00:52:32.876 INFO [main] - addProductToCart() started
2020-02-12 00:52:32.876 INFO [main] - addProductToCartByProductId() started
2020-02-12 00:52:32.876 INFO [main] - getProductByProductId() started
2020-02-12 00:52:32.876 INFO [main] - addProductToCart() started
2020-02-12 00:52:32.876 INFO [main] - printCartItems() started
2020-02-12 00:52:32.884 INFO [main] - isCartHasValue() started
2020-02-12 00:52:38.617 INFO [main] - checkout() started
2020-02-12 00:52:38.620 INFO [main] - isCartHasValue() started
2020-02-12 00:52:38.620 INFO [main] - getProductByProductId() started
2020-02-12 00:52:38.620 INFO [main] - getProductByProductId() started
2020-02-12 00:52:38.620 INFO [main] - getProductByProductId() started
2020-02-12 00:52:38.620 INFO [main] - emptyCart() started
2020-02-12 00:52:38.620 INFO [main] - isCartHasValue() started
2020-02-12 00:53:15.372 INFO [main] - Main() started
2020-02-12 00:53:15.388 INFO [main] - initializeStoreItems() started
2020-02-12 00:53:15.388 INFO [main] - initializeStoreItems() started
2020-02-12 00:53:15.388 INFO [main] - initializeStoreItems() started
2020-02-12 00:53:15.388 INFO [main] - isCartHasValue() started
2020-02-12 00:53:18.682 INFO [main] - initializeStoreSubCategories() started
2020-02-12 00:53:18.683 INFO [main] - getSubCategories() started
2020-02-12 00:53:23.135 INFO [main] - printCartItems() started
2020-02-12 00:53:23.140 INFO [main] - isCartHasValue() started
2020-02-12 00:53:30.886 INFO [main] - initializeStoreItems() started
2020-02-12 00:53:30.886 INFO [main] - getProducts() started
2020-02-12 00:53:38.728 INFO [main] - addProductToCartByProductId() started
2020-02-12 00:53:38.728 INFO [main] - getProductByProductId() started
2020-02-12 00:53:38.743 INFO [main] - printCartItems() started
2020-02-12 00:53:38.745 INFO [main] - isCartHasValue() started
